#
# There is insufficient memory for the Java Runtime Environment to continue.
# Native memory allocation (malloc) failed to allocate 1534976 bytes for Chunk::new
# Possible reasons:
#   The system is out of physical RAM or swap space
#   In 32 bit mode, the process size limit was hit
# Possible solutions:
#   Reduce memory load on the system
#   Increase physical memory or swap space
#   Check if swap backing store is full
#   Use 64 bit Java on a 64 bit OS
#   Decrease Java heap size (-Xmx/-Xms)
#   Decrease number of Java threads
#   Decrease Java thread stack sizes (-Xss)
#   Set larger code cache with -XX:ReservedCodeCacheSize=
# This output file may be truncated or incomplete.
#
#  Out of Memory Error (allocation.cpp:390), pid=20236, tid=20372
#
# JRE version: Java(TM) SE Runtime Environment (8.0_91-b15) (build 1.8.0_91-b15)
# Java VM: Java HotSpot(TM) 64-Bit Server VM (25.91-b15 mixed mode windows-amd64 compressed oops)
# Failed to write core dump. Minidumps are not enabled by default on client versions of Windows
#

---------------  T H R E A D  ---------------

Current thread (0x0000000058318800):  JavaThread "C2 CompilerThread1" daemon [_thread_in_native, id=20372, stack(0x0000000058810000,0x0000000058910000)]

Stack: [0x0000000058810000,0x0000000058910000]
[error occurred during error reporting (printing stack bounds), id 0xc0000005]

Native frames: (J=compiled Java code, j=interpreted, Vv=VM code, C=native code)


Current CompileTask:
C2:   7236 1469       4       java.net.URLClassLoader$1::run (5 bytes)


---------------  P R O C E S S  ---------------

Java Threads: ( => current thread )
  0x000000005a828800 JavaThread "File lock request listener" [_thread_in_native, id=20612, stack(0x000000005cd00000,0x000000005ce00000)]
  0x0000000058360800 JavaThread "Stdin handler" [_thread_blocked, id=19676, stack(0x000000005b590000,0x000000005b690000)]
  0x0000000059025000 JavaThread "Asynchronous log dispatcher for org.gradle.launcher.daemon.server.DefaultDaemonConnection@1895ff4e" [_thread_blocked, id=21140, stack(0x000000005b480000,0x000000005b580000)]
  0x0000000059075000 JavaThread "Daemon worker" [_thread_in_vm, id=20848, stack(0x000000005b170000,0x000000005b270000)]
  0x0000000059072000 JavaThread "Cancel handler" [_thread_blocked, id=21156, stack(0x000000005aff0000,0x000000005b0f0000)]
  0x000000005851f000 JavaThread "Handler for socket connection from /127.0.0.1:53346 to /127.0.0.1:53347" [_thread_in_native, id=21044, stack(0x0000000058c80000,0x0000000058d80000)]
  0x000000005944e800 JavaThread "Daemon" [_thread_blocked, id=20836, stack(0x000000005add0000,0x000000005aed0000)]
  0x0000000059e3e000 JavaThread "Incoming local TCP Connector on port 53346" [_thread_in_native, id=20840, stack(0x00000000596b0000,0x00000000597b0000)]
  0x0000000059e3d800 JavaThread "pool-1-thread-1" [_thread_blocked, id=20788, stack(0x000000005aa30000,0x000000005ab30000)]
  0x000000005839a000 JavaThread "Service Thread" daemon [_thread_blocked, id=18368, stack(0x0000000058960000,0x0000000058a60000)]
  0x0000000058319000 JavaThread "C1 CompilerThread2" daemon [_thread_blocked, id=21036, stack(0x0000000058af0000,0x0000000058bf0000)]
=>0x0000000058318800 JavaThread "C2 CompilerThread1" daemon [_thread_in_native, id=20372, stack(0x0000000058810000,0x0000000058910000)]
  0x000000005617f000 JavaThread "C2 CompilerThread0" daemon [_thread_in_native, id=20936, stack(0x0000000057f60000,0x0000000058060000)]
  0x000000005617c000 JavaThread "Attach Listener" daemon [_thread_blocked, id=17620, stack(0x00000000586f0000,0x00000000587f0000)]
  0x000000005616c000 JavaThread "Signal Dispatcher" daemon [_thread_blocked, id=21068, stack(0x0000000058110000,0x0000000058210000)]
  0x000000005615a800 JavaThread "Finalizer" daemon [_thread_blocked, id=21228, stack(0x0000000057510000,0x0000000057610000)]
  0x0000000056113000 JavaThread "Reference Handler" daemon [_thread_blocked, id=20952, stack(0x0000000057210000,0x0000000057310000)]
  0x000000000035e000 JavaThread "main" [_thread_blocked, id=12676, stack(0x00000000025e0000,0x00000000026e0000)]

Other Threads:
  0x000000005610b800 VMThread [stack: 0x0000000057350000,0x0000000057450000] [id=21028]
  0x00000000583b7800 WatcherThread [stack: 0x0000000058db0000,0x0000000058eb0000] [id=20940]

VM state:not at safepoint (normal execution)

VM Mutex/Monitor currently owned by a thread: None

Heap:
 PSYoungGen      total 36864K, used 8784K [0x00000000e0000000, 0x00000000e2900000, 0x0000000100000000)
  eden space 31744K, 11% used [0x00000000e0000000,0x00000000e039a388,0x00000000e1f00000)
  from space 5120K, 99% used [0x00000000e1f00000,0x00000000e23fa040,0x00000000e2400000)
  to   space 5120K, 0% used [0x00000000e2400000,0x00000000e2400000,0x00000000e2900000)
 ParOldGen       total 84992K, used 5149K [0x00000000a0000000, 0x00000000a5300000, 0x00000000e0000000)
  object space 84992K, 6% used [0x00000000a0000000,0x00000000a0507780,0x00000000a5300000)
 Metaspace       used 18314K, capacity 18684K, committed 18816K, reserved 1064960K
  class space    used 2502K, capacity 2636K, committed 2688K, reserved 1048576K

Card table byte_map: [0x0000000011aa0000,0x0000000011db0000] byte_map_base: 0x00000000115a0000

Marking Bits: (ParMarkBitMap*) 0x0000000057eb2f70
 Begin Bits: [0x0000000012480000, 0x0000000013c80000)
 End Bits:   [0x0000000013c80000, 0x0000000015480000)

Polling page: 0x0000000000330000

CodeCache: size=245760Kb used=5075Kb max_used=5172Kb free=240684Kb
 bounds [0x00000000026e0000, 0x0000000002bf0000, 0x00000000116e0000]
 total_blobs=1919 nmethods=1532 adapters=298
 compilation: enabled

Compilation events (10 events):
Event: 7.208 Thread 0x0000000058319000 1555       3       java.io.ObjectOutputStream$BlockDataOutputStream::writeBytes (144 bytes)
Event: 7.209 Thread 0x0000000058319000 nmethod 1555 0x0000000002be9ad0 code [0x0000000002be9ca0, 0x0000000002bea3f8]
Event: 7.209 Thread 0x0000000058319000 1556       3       java.io.ObjectOutputStream$BlockDataOutputStream::writeByte (33 bytes)
Event: 7.210 Thread 0x0000000058319000 nmethod 1556 0x0000000002be9610 code [0x0000000002be9780, 0x0000000002be99a8]
Event: 7.215 Thread 0x0000000058319000 1557       3       org.gradle.internal.service.DefaultServiceRegistry$SingletonService::<init> (20 bytes)
Event: 7.216 Thread 0x0000000058319000 nmethod 1557 0x0000000002beeb90 code [0x0000000002beed40, 0x0000000002bef508]
Event: 7.216 Thread 0x0000000058319000 1558       3       org.gradle.internal.service.DefaultServiceRegistry$ManagedObjectProvider::<init> (5 bytes)
Event: 7.216 Thread 0x0000000058319000 nmethod 1558 0x0000000002be9190 code [0x0000000002be9300, 0x0000000002be9510]
Event: 7.216 Thread 0x0000000058319000 1559       3       org.gradle.internal.service.DefaultServiceRegistry$OwnServices::add (26 bytes)
Event: 7.217 Thread 0x0000000058319000 nmethod 1559 0x0000000002bef750 code [0x0000000002bef8e0, 0x0000000002befd88]

GC Heap History (6 events):
Event: 3.556 GC heap before
{Heap before GC invocations=1 (full 0):
 PSYoungGen      total 36864K, used 31744K [0x00000000e0000000, 0x00000000e2900000, 0x0000000100000000)
  eden space 31744K, 100% used [0x00000000e0000000,0x00000000e1f00000,0x00000000e1f00000)
  from space 5120K, 0% used [0x00000000e2400000,0x00000000e2400000,0x00000000e2900000)
  to   space 5120K, 0% used [0x00000000e1f00000,0x00000000e1f00000,0x00000000e2400000)
 ParOldGen       total 84992K, used 0K [0x00000000a0000000, 0x00000000a5300000, 0x00000000e0000000)
  object space 84992K, 0% used [0x00000000a0000000,0x00000000a0000000,0x00000000a5300000)
 Metaspace       used 6226K, capacity 6506K, committed 6784K, reserved 1056768K
  class space    used 797K, capacity 866K, committed 896K, reserved 1048576K
Event: 3.563 GC heap after
Heap after GC invocations=1 (full 0):
 PSYoungGen      total 36864K, used 4201K [0x00000000e0000000, 0x00000000e2900000, 0x0000000100000000)
  eden space 31744K, 0% used [0x00000000e0000000,0x00000000e0000000,0x00000000e1f00000)
  from space 5120K, 82% used [0x00000000e1f00000,0x00000000e231a478,0x00000000e2400000)
  to   space 5120K, 0% used [0x00000000e2400000,0x00000000e2400000,0x00000000e2900000)
 ParOldGen       total 84992K, used 27K [0x00000000a0000000, 0x00000000a5300000, 0x00000000e0000000)
  object space 84992K, 0% used [0x00000000a0000000,0x00000000a0006c50,0x00000000a5300000)
 Metaspace       used 6226K, capacity 6506K, committed 6784K, reserved 1056768K
  class space    used 797K, capacity 866K, committed 896K, reserved 1048576K
}
Event: 5.694 GC heap before
{Heap before GC invocations=2 (full 0):
 PSYoungGen      total 36864K, used 35945K [0x00000000e0000000, 0x00000000e2900000, 0x0000000100000000)
  eden space 31744K, 100% used [0x00000000e0000000,0x00000000e1f00000,0x00000000e1f00000)
  from space 5120K, 82% used [0x00000000e1f00000,0x00000000e231a478,0x00000000e2400000)
  to   space 5120K, 0% used [0x00000000e2400000,0x00000000e2400000,0x00000000e2900000)
 ParOldGen       total 84992K, used 27K [0x00000000a0000000, 0x00000000a5300000, 0x00000000e0000000)
  object space 84992K, 0% used [0x00000000a0000000,0x00000000a0006c50,0x00000000a5300000)
 Metaspace       used 12030K, capacity 12366K, committed 12544K, reserved 1060864K
  class space    used 1629K, capacity 1755K, committed 1792K, reserved 1048576K
Event: 5.703 GC heap after
Heap after GC invocations=2 (full 0):
 PSYoungGen      total 36864K, used 5119K [0x00000000e0000000, 0x00000000e2900000, 0x0000000100000000)
  eden space 31744K, 0% used [0x00000000e0000000,0x00000000e0000000,0x00000000e1f00000)
  from space 5120K, 99% used [0x00000000e2400000,0x00000000e28ffe58,0x00000000e2900000)
  to   space 5120K, 0% used [0x00000000e1f00000,0x00000000e1f00000,0x00000000e2400000)
 ParOldGen       total 84992K, used 746K [0x00000000a0000000, 0x00000000a5300000, 0x00000000e0000000)
  object space 84992K, 0% used [0x00000000a0000000,0x00000000a00baa58,0x00000000a5300000)
 Metaspace       used 12030K, capacity 12366K, committed 12544K, reserved 1060864K
  class space    used 1629K, capacity 1755K, committed 1792K, reserved 1048576K
}
Event: 7.103 GC heap before
{Heap before GC invocations=3 (full 0):
 PSYoungGen      total 36864K, used 36863K [0x00000000e0000000, 0x00000000e2900000, 0x0000000100000000)
  eden space 31744K, 100% used [0x00000000e0000000,0x00000000e1f00000,0x00000000e1f00000)
  from space 5120K, 99% used [0x00000000e2400000,0x00000000e28ffe58,0x00000000e2900000)
  to   space 5120K, 0% used [0x00000000e1f00000,0x00000000e1f00000,0x00000000e2400000)
 ParOldGen       total 84992K, used 746K [0x00000000a0000000, 0x00000000a5300000, 0x00000000e0000000)
  object space 84992K, 0% used [0x00000000a0000000,0x00000000a00baa58,0x00000000a5300000)
 Metaspace       used 17929K, capacity 18312K, committed 18432K, reserved 1064960K
  class space    used 2434K, capacity 2560K, committed 2560K, reserved 1048576K
Event: 7.120 GC heap after
Heap after GC invocations=3 (full 0):
 PSYoungGen      total 36864K, used 5096K [0x00000000e0000000, 0x00000000e2900000, 0x0000000100000000)
  eden space 31744K, 0% used [0x00000000e0000000,0x00000000e0000000,0x00000000e1f00000)
  from space 5120K, 99% used [0x00000000e1f00000,0x00000000e23fa040,0x00000000e2400000)
  to   space 5120K, 0% used [0x00000000e2400000,0x00000000e2400000,0x00000000e2900000)
 ParOldGen       total 84992K, used 5149K [0x00000000a0000000, 0x00000000a5300000, 0x00000000e0000000)
  object space 84992K, 6% used [0x00000000a0000000,0x00000000a0507780,0x00000000a5300000)
 Metaspace       used 17929K, capacity 18312K, committed 18432K, reserved 1064960K
  class space    used 2434K, capacity 2560K, committed 2560K, reserved 1048576K
}

Deoptimization events (10 events):
Event: 6.715 Thread 0x0000000059075000 Uncommon trap: reason=class_check action=maybe_recompile pc=0x0000000002913310 method=java.util.regex.Matcher.match(II)Z @ 86
Event: 6.715 Thread 0x0000000059075000 Uncommon trap: reason=class_check action=maybe_recompile pc=0x0000000002913310 method=java.util.regex.Matcher.match(II)Z @ 86
Event: 6.786 Thread 0x0000000059075000 Uncommon trap: reason=class_check action=maybe_recompile pc=0x0000000002bb80e4 method=org.gradle.internal.service.DefaultServiceRegistry$SingletonService.getService(Lorg/gradle/internal/service/DefaultServiceRegistry$LookupContext;Lorg/gradle/internal/serv7ˆC<N%@
Event: 6.786 Thread 0x0000000059075000 Uncommon trap: reason=class_check action=maybe_recompile pc=0x0000000002bb80e4 method=org.gradle.internal.service.DefaultServiceRegistry$SingletonService.getService(Lorg/gradle/internal/service/DefaultServiceRegistry$LookupContext;Lorg/gradle/internal/serv8`
1S%@
Event: 6.786 Thread 0x0000000059075000 Uncommon trap: reason=class_check action=maybe_recompile pc=0x0000000002bb80e4 method=org.gradle.internal.service.DefaultServiceRegistry$SingletonService.getService(Lorg/gradle/internal/service/DefaultServiceRegistry$LookupContext;Lorg/gradle/internal/serváPLW%@
Event: 6.786 Thread 0x0000000059075000 Uncommon trap: reason=class_check action=maybe_recompile pc=0x0000000002bb80e4 method=org.gradle.internal.service.DefaultServiceRegistry$SingletonService.getService(Lorg/gradle/internal/service/DefaultServiceRegistry$LookupContext;Lorg/gradle/internal/servç Ú|ã@@
Event: 7.063 Thread 0x0000000059075000 Uncommon trap: reason=bimorphic action=maybe_recompile pc=0x0000000002b2a32c method=java.lang.ClassLoader.loadClass(Ljava/lang/String;Z)Ljava/lang/Class; @ 38
Event: 7.065 Thread 0x0000000059075000 Uncommon trap: reason=bimorphic action=maybe_recompile pc=0x0000000002b2a32c method=java.lang.ClassLoader.loadClass(Ljava/lang/String;Z)Ljava/lang/Class; @ 38
Event: 7.066 Thread 0x0000000059075000 Uncommon trap: reason=bimorphic action=maybe_recompile pc=0x0000000002b2a32c method=java.lang.ClassLoader.loadClass(Ljava/lang/String;Z)Ljava/lang/Class; @ 38
Event: 7.067 Thread 0x0000000059075000 Uncommon trap: reason=bimorphic action=maybe_recompile pc=0x0000000002b2a32c method=java.lang.ClassLoader.loadClass(Ljava/lang/String;Z)Ljava/lang/Class; @ 38

Internal exceptions (10 events):
Event: 7.134 Thread 0x0000000059075000 Exception <a 'java/lang/NoSuchMethodError': <clinit>> (0x00000000e0032d90) thrown at [C:\re\workspace\8-2-build-windows-amd64-cygwin\jdk8u91\7017\hotspot\src\share\vm\prims\jni.cpp, line 1613]
Event: 7.140 Thread 0x0000000059075000 Exception <a 'java/lang/NoSuchMethodError': <clinit>> (0x00000000e0052ff8) thrown at [C:\re\workspace\8-2-build-windows-amd64-cygwin\jdk8u91\7017\hotspot\src\share\vm\prims\jni.cpp, line 1613]
Event: 7.141 Thread 0x0000000059075000 Exception <a 'java/lang/NoSuchMethodError': <clinit>> (0x00000000e005e040) thrown at [C:\re\workspace\8-2-build-windows-amd64-cygwin\jdk8u91\7017\hotspot\src\share\vm\prims\jni.cpp, line 1613]
Event: 7.143 Thread 0x0000000059075000 Exception <a 'java/lang/NoSuchMethodError': <clinit>> (0x00000000e00705d8) thrown at [C:\re\workspace\8-2-build-windows-amd64-cygwin\jdk8u91\7017\hotspot\src\share\vm\prims\jni.cpp, line 1613]
Event: 7.165 Thread 0x0000000059075000 Exception <a 'java/lang/NoSuchMethodError': <clinit>> (0x00000000e00c52d8) thrown at [C:\re\workspace\8-2-build-windows-amd64-cygwin\jdk8u91\7017\hotspot\src\share\vm\prims\jni.cpp, line 1613]
Event: 7.167 Thread 0x0000000059075000 Exception <a 'java/lang/NoSuchMethodError': <clinit>> (0x00000000e00d3af0) thrown at [C:\re\workspace\8-2-build-windows-amd64-cygwin\jdk8u91\7017\hotspot\src\share\vm\prims\jni.cpp, line 1613]
Event: 7.191 Thread 0x0000000059075000 Exception <a 'java/lang/NoSuchMethodError': <clinit>> (0x00000000e0144760) thrown at [C:\re\workspace\8-2-build-windows-amd64-cygwin\jdk8u91\7017\hotspot\src\share\vm\prims\jni.cpp, line 1613]
Event: 7.191 Thread 0x0000000059075000 Exception <a 'java/lang/NoSuchMethodError': <clinit>> (0x00000000e0146f18) thrown at [C:\re\workspace\8-2-build-windows-amd64-cygwin\jdk8u91\7017\hotspot\src\share\vm\prims\jni.cpp, line 1613]
Event: 7.192 Thread 0x0000000059075000 Exception <a 'java/lang/NoSuchMethodError': <clinit>> (0x00000000e01531f8) thrown at [C:\re\workspace\8-2-build-windows-amd64-cygwin\jdk8u91\7017\hotspot\src\share\vm\prims\jni.cpp, line 1613]
Event: 7.193 Thread 0x0000000059075000 Exception <a 'java/lang/NoSuchMethodError': <clinit>> (0x00000000e015d668) thrown at [C:\re\workspace\8-2-build-windows-amd64-cygwin\jdk8u91\7017\hotspot\src\share\vm\prims\jni.cpp, line 1613]

Events (10 events):
Event: 7.223 loading class org/gradle/api/internal/artifacts/dsl/DefaultComponentMetadataHandler
Event: 7.223 loading class org/gradle/api/internal/artifacts/dsl/DefaultComponentMetadataHandler done
Event: 7.223 loading class org/gradle/api/internal/artifacts/ComponentMetadataProcessor
Event: 7.223 loading class org/gradle/api/internal/artifacts/ComponentMetadataProcessor done
Event: 7.223 loading class org/gradle/api/artifacts/dsl/ArtifactHandler
Event: 7.223 loading class org/gradle/api/artifacts/dsl/ArtifactHandler done
Event: 7.224 loading class org/gradle/api/internal/artifacts/DefaultDependencyManagementServices$DefaultDependencyResolutionServices
Event: 7.224 loading class org/gradle/api/internal/artifacts/DefaultDependencyManagementServices$DefaultDependencyResolutionServices done
Event: 7.224 loading class org/gradle/api/internal/initialization/DefaultScriptHandler
Event: 7.224 loading class org/gradle/api/internal/initialization/DefaultScriptHandler done


Dynamic libraries:
0x000000013f110000 - 0x000000013f147000 	C:\Program Files\Java\jdk1.8.0_91\bin\java.exe
0x0000000077360000 - 0x000000007750a000 	C:\Windows\SYSTEM32\ntdll.dll
0x0000000077240000 - 0x000000007735f000 	C:\Windows\system32\kernel32.dll
0x000007fefd460000 - 0x000007fefd4cb000 	C:\Windows\system32\KERNELBASE.dll
0x000007feff2c0000 - 0x000007feff39b000 	C:\Windows\system32\ADVAPI32.dll
0x000007fefd650000 - 0x000007fefd6ef000 	C:\Windows\system32\msvcrt.dll
0x000007feff3a0000 - 0x000007feff3bf000 	C:\Windows\SYSTEM32\sechost.dll
0x000007fefee30000 - 0x000007fefef5d000 	C:\Windows\system32\RPCRT4.dll
0x0000000077140000 - 0x000000007723a000 	C:\Windows\system32\USER32.dll
0x000007fefd4d0000 - 0x000007fefd537000 	C:\Windows\system32\GDI32.dll
0x000007fefd750000 - 0x000007fefd75e000 	C:\Windows\system32\LPK.dll
0x000007fefe520000 - 0x000007fefe5ea000 	C:\Windows\system32\USP10.dll
0x000007fefb5e0000 - 0x000007fefb7d4000 	C:\Windows\WinSxS\amd64_microsoft.windows.common-controls_6595b64144ccf1df_6.0.7601.18837_none_fa3b1e3d17594757\COMCTL32.dll
0x000007fefe990000 - 0x000007fefea01000 	C:\Windows\system32\SHLWAPI.dll
0x000007fefd760000 - 0x000007fefd78e000 	C:\Windows\system32\IMM32.DLL
0x000007fefd540000 - 0x000007fefd649000 	C:\Windows\system32\MSCTF.dll
0x0000000058210000 - 0x00000000582e2000 	C:\Program Files\Java\jdk1.8.0_91\jre\bin\msvcr100.dll
0x00000000576a0000 - 0x0000000057f33000 	C:\Program Files\Java\jdk1.8.0_91\jre\bin\server\jvm.dll
0x000007fef9060000 - 0x000007fef9069000 	C:\Windows\system32\WSOCK32.dll
0x000007feff620000 - 0x000007feff66d000 	C:\Windows\system32\WS2_32.dll
0x000007fefee20000 - 0x000007fefee28000 	C:\Windows\system32\NSI.dll
0x000007fefac40000 - 0x000007fefac7b000 	C:\Windows\system32\WINMM.dll
0x000007fefc200000 - 0x000007fefc20c000 	C:\Windows\system32\VERSION.dll
0x0000000077520000 - 0x0000000077527000 	C:\Windows\system32\PSAPI.DLL
0x00000000725d0000 - 0x00000000725df000 	C:\Program Files\Java\jdk1.8.0_91\jre\bin\verify.dll
0x0000000070650000 - 0x0000000070679000 	C:\Program Files\Java\jdk1.8.0_91\jre\bin\java.dll
0x00000000638e0000 - 0x00000000638f6000 	C:\Program Files\Java\jdk1.8.0_91\jre\bin\zip.dll
0x000007fefd790000 - 0x000007fefe519000 	C:\Windows\system32\SHELL32.dll
0x000007fefe5f0000 - 0x000007fefe7f3000 	C:\Windows\system32\ole32.dll
0x000007fefd110000 - 0x000007fefd11f000 	C:\Windows\system32\profapi.dll
0x0000000062650000 - 0x000000006266a000 	C:\Program Files\Java\jdk1.8.0_91\jre\bin\net.dll
0x000007fefc8f0000 - 0x000007fefc945000 	C:\Windows\system32\mswsock.dll
0x000007fefc8e0000 - 0x000007fefc8e7000 	C:\Windows\System32\wship6.dll
0x00000000638c0000 - 0x00000000638d1000 	C:\Program Files\Java\jdk1.8.0_91\jre\bin\nio.dll
0x000007fef0540000 - 0x000007fef0552000 	C:\Users\°¢Áú\.gradle\native\19\windows-amd64\native-platform.dll
0x000007fefc950000 - 0x000007fefc967000 	C:\Windows\system32\CRYPTSP.dll
0x000007fefc650000 - 0x000007fefc697000 	C:\Windows\system32\rsaenh.dll
0x000007fefd270000 - 0x000007fefd28e000 	C:\Windows\system32\USERENV.dll
0x000007fefcfb0000 - 0x000007fefcfbf000 	C:\Windows\system32\CRYPTBASE.dll
0x000007fefa430000 - 0x000007fefa457000 	C:\Windows\system32\IPHLPAPI.DLL
0x000007fefa420000 - 0x000007fefa42b000 	C:\Windows\system32\WINNSI.DLL
0x000007fefa080000 - 0x000007fefa098000 	C:\Windows\system32\dhcpcsvc.DLL
0x000007fef9fe0000 - 0x000007fef9ff1000 	C:\Windows\system32\dhcpcsvc6.DLL
0x00000000725c0000 - 0x00000000725cd000 	C:\Program Files\Java\jdk1.8.0_91\jre\bin\management.dll

VM Arguments:
jvm_args: -Xmx1536m -Dfile.encoding=GBK -Duser.country=CN -Duser.language=zh -Duser.variant 
java_command: org.gradle.launcher.daemon.bootstrap.GradleDaemon 2.14.1
java_class_path (initial): C:\Users\°¢Áú\.gradle\wrapper\dists\gradle-2.14.1-all\8bnwg5hd3w55iofp58khbp6yv\gradle-2.14.1\lib\gradle-launcher-2.14.1.jar
Launcher Type: SUN_STANDARD

Environment Variables:
JAVA_HOME=C:\Program Files\Java\jdk1.8.0_91
CLASSPATH=.;C:\Program Files\Java\jdk1.8.0_91\lib;C:\Program Files\Java\jdk1.8.0_91\lib\tools.jar
PATH=C:\ProgramData\Oracle\Java\javapath;C:\Windows\system32;C:\Windows;C:\Windows\System32\Wbem;C:\Windows\System32\WindowsPowerShell\v1.0\;C:\Program Files\Lenovo\Fingerprint Manager Pro\;C:\Program Files\Java\jdk1.8.0_91\bin;C:\Program Files\Java\jdk1.8.0_91\jre\bin;C:\Program Files\MySQL\MySQL Server 5.5\bin;C:\Program Files\MySQL\MySQL Server 5.7\bin;C:\Program Files\Git\cmd;C:\Program Files\TortoiseSVN\bin
USERNAME=°¢Áú
OS=Windows_NT
PROCESSOR_IDENTIFIER=Intel64 Family 6 Model 69 Stepping 1, GenuineIntel



---------------  S Y S T E M  ---------------

OS: Windows 7 , 64 bit Build 7601 (6.1.7601.19135)

CPU:total 4 (2 cores per cpu, 2 threads per core) family 6 model 69 stepping 1, cmov, cx8, fxsr, mmx, sse, sse2, sse3, ssse3, sse4.1, sse4.2, popcnt, avx, avx2, clmul, erms, lzcnt, ht, tsc, tscinvbit, bmi1, bmi2

Memory: 4k page, physical 8068928k(751844k free), swap 8067092k(5072k free)

vm_info: Java HotSpot(TM) 64-Bit Server VM (25.91-b15) for windows-amd64 JRE (1.8.0_91-b15), built on May 20 2016 17:43:15 by "java_re" with MS VC++ 10.0 (VS2010)

time: Wed Mar 01 15:12:52 2017
elapsed time: 7 seconds (0d 0h 0m 7s)

